<?xml version="1.0" encoding="UTF-8"?>
<!-- Generated by org.testng.reporters.JUnitXMLReporter -->
<testsuite ignored="0" hostname="NIT-LPT-R443" failures="0" tests="4" name="Test" time="11.796" errors="0" timestamp="2021-09-26T15:16:54 IST">
  <testcase classname="Academy.ValidateTitle" name="basePageTextCheck" time="0.077"/>
  <testcase classname="Academy.ValidateNavBar" name="basePageNavBarCheck" time="0.089"/>
  <testcase classname="Academy.HomePage" name="basePageNavigation" time="2.616"/>
  <testcase classname="Academy.HomePage" name="basePageNavigation" time="2.203"/>
</testsuite> <!-- Test -->
